<?xml version="1.0" encoding="UTF-8"?>
<testsuite xmlns:xsi="http://www.w3.org/2001/XMLSchema-instance" xsi:noNamespaceSchemaLocation="https://maven.apache.org/surefire/maven-surefire-plugin/xsd/surefire-test-report.xsd" version="3.0.2" name="org.acme.GreetingResourceTest" time="8.797" tests="1" errors="0" skipped="0" failures="0">
  <properties>
[...]
</properties>
  <testcase name="testHelloEndpoint" classname="org.acme.GreetingResourceTest" time="1.549">
    <system-out><![CDATA[2024-10-27 23:06:46,568 WARN  [io.qua.config] (main) Unrecognized configuration key "quarkus.rest-client-reactive.notification-api.url" was provided; it will be ignored; verify that the dependency extension for this configuration is set or that you did not make a typo
2024-10-27 23:06:46,570 WARN  [io.qua.config] (main) Unrecognized configuration key "quarkus.http.cors.credentials" was provided; it will be ignored; verify that the dependency extension for this configuration is set or that you did not make a typo
2024-10-27 23:06:49,400 INFO  [io.quarkus] (main) quarkus-api 1.0.0-SNAPSHOT on JVM (powered by Quarkus 3.14.4) started in 6.115s. Listening on: http://0.0.0.0:8081
2024-10-27 23:06:49,401 INFO  [io.quarkus] (main) Profile test activated. 
2024-10-27 23:06:49,401 INFO  [io.quarkus] (main) Installed features: [agroal, cdi, hibernate-orm, hibernate-orm-panache, jdbc-postgresql, narayana-jta, rest, rest-client, rest-client-jackson, rest-jackson, security, smallrye-context-propagation, smallrye-health, smallrye-jwt, vertx]
]]></system-out>
  </testcase>
</testsuite>